<?xml version="1.0" encoding="UTF-8"?>
<testng-results skipped="0" failed="0" total="1" passed="1">
  <reporter-output>
  </reporter-output>
  <suite name="Default suite" duration-ms="47383" started-at="2016-05-21T16:43:08Z" finished-at="2016-05-21T16:43:55Z">
    <groups>
    </groups>
    <test name="Default test" duration-ms="47383" started-at="2016-05-21T16:43:08Z" finished-at="2016-05-21T16:43:55Z">
      <class name="Demo.TakeSnap">
        <test-method status="PASS" signature="openBrowser()[pri:0, instance:Demo.TakeSnap@1f4f00f]" name="openBrowser" is-config="true" duration-ms="16747" started-at="2016-05-21T22:13:08Z" finished-at="2016-05-21T22:13:24Z">
          <reporter-output>
          </reporter-output>
        </test-method> <!-- openBrowser -->
        <test-method status="PASS" signature="failTest()[pri:0, instance:Demo.TakeSnap@1f4f00f]" name="failTest" duration-ms="30597" started-at="2016-05-21T22:13:24Z" finished-at="2016-05-21T22:13:55Z">
          <reporter-output>
          </reporter-output>
        </test-method> <!-- failTest -->
      </class> <!-- Demo.TakeSnap -->
    </test> <!-- Default test -->
  </suite> <!-- Default suite -->
</testng-results>
